[17-Jun-2025 19:52:03 UTC] PHP Warning:  SQLite3::query(): Unable to prepare statement: no such column: destino in /home/ricardo06/public_html/DEAPC_trabalho/scripts/HomeAdmin.php on line 56
[17-Jun-2025 19:52:03 UTC] PHP Fatal error:  Uncaught Error: Call to a member function fetchArray() on false in /home/ricardo06/public_html/DEAPC_trabalho/scripts/HomeAdmin.php:57
Stack trace:
#0 {main}
  thrown in /home/ricardo06/public_html/DEAPC_trabalho/scripts/HomeAdmin.php on line 57
[17-Jun-2025 19:52:05 UTC] PHP Warning:  SQLite3::query(): Unable to prepare statement: no such column: destino in /home/ricardo06/public_html/DEAPC_trabalho/scripts/HomeAdmin.php on line 56
[17-Jun-2025 19:52:05 UTC] PHP Fatal error:  Uncaught Error: Call to a member function fetchArray() on false in /home/ricardo06/public_html/DEAPC_trabalho/scripts/HomeAdmin.php:57
Stack trace:
#0 {main}
  thrown in /home/ricardo06/public_html/DEAPC_trabalho/scripts/HomeAdmin.php on line 57
[17-Jun-2025 19:52:05 UTC] PHP Warning:  SQLite3::query(): Unable to prepare statement: no such column: destino in /home/ricardo06/public_html/DEAPC_trabalho/scripts/HomeAdmin.php on line 56
[17-Jun-2025 19:52:05 UTC] PHP Fatal error:  Uncaught Error: Call to a member function fetchArray() on false in /home/ricardo06/public_html/DEAPC_trabalho/scripts/HomeAdmin.php:57
Stack trace:
#0 {main}
  thrown in /home/ricardo06/public_html/DEAPC_trabalho/scripts/HomeAdmin.php on line 57
[17-Jun-2025 19:52:05 UTC] PHP Warning:  SQLite3::query(): Unable to prepare statement: no such column: destino in /home/ricardo06/public_html/DEAPC_trabalho/scripts/HomeAdmin.php on line 56
[17-Jun-2025 19:52:05 UTC] PHP Fatal error:  Uncaught Error: Call to a member function fetchArray() on false in /home/ricardo06/public_html/DEAPC_trabalho/scripts/HomeAdmin.php:57
Stack trace:
#0 {main}
  thrown in /home/ricardo06/public_html/DEAPC_trabalho/scripts/HomeAdmin.php on line 57
[17-Jun-2025 20:01:09 UTC] PHP Warning:  SQLite3::query(): Unable to prepare statement: no such column: destino in /home/ricardo06/public_html/DEAPC_trabalho/scripts/HomeAdmin.php on line 56
[17-Jun-2025 20:01:09 UTC] PHP Fatal error:  Uncaught Error: Call to a member function fetchArray() on false in /home/ricardo06/public_html/DEAPC_trabalho/scripts/HomeAdmin.php:57
Stack trace:
#0 {main}
  thrown in /home/ricardo06/public_html/DEAPC_trabalho/scripts/HomeAdmin.php on line 57
[17-Jun-2025 20:01:16 UTC] PHP Warning:  SQLite3::query(): Unable to prepare statement: no such column: destino in /home/ricardo06/public_html/DEAPC_trabalho/scripts/HomeAdmin.php on line 56
[17-Jun-2025 20:01:16 UTC] PHP Fatal error:  Uncaught Error: Call to a member function fetchArray() on false in /home/ricardo06/public_html/DEAPC_trabalho/scripts/HomeAdmin.php:57
Stack trace:
#0 {main}
  thrown in /home/ricardo06/public_html/DEAPC_trabalho/scripts/HomeAdmin.php on line 57
